<?xml version="1.0" encoding="UTF-8"?>
<!-- Generated by org.testng.reporters.JUnitReportReporter -->
<testsuite skipped="0" hostname="DESKTOP-PTPPKGU" name="testScripts.Module3" tests="4" failures="0" timestamp="27 Jan 2018 05:09:38 GMT" time="0.012" errors="0">
  <testcase name="TC302" time="0.004" classname="testScripts.Module3"/>
  <testcase name="TC303" time="0.000" classname="testScripts.Module3"/>
  <testcase name="TC304" time="0.004" classname="testScripts.Module3"/>
  <testcase name="TC301" time="0.004" classname="testScripts.Module3"/>
</testsuite> <!-- testScripts.Module3 -->
