<?xml version="1.0" encoding="UTF-8"?>
<!-- Generated by org.testng.reporters.JUnitReportReporter -->
<testsuite skipped="0" hostname="DESKTOP-PTPPKGU" name="testScripts.Module2" tests="2" failures="0" timestamp="27 Jan 2018 05:09:38 GMT" time="0.027" errors="0">
  <testcase name="TC201" time="0.027" classname="testScripts.Module2"/>
  <testcase name="TC202" time="0.000" classname="testScripts.Module2"/>
</testsuite> <!-- testScripts.Module2 -->
