<?xml version="1.0" encoding="UTF-8"?>
<!-- Generated by org.testng.reporters.JUnitReportReporter -->
<testsuite skipped="0" hostname="DESKTOP-PTPPKGU" name="testScripts.Module1" tests="1" failures="0" timestamp="03 Feb 2018 06:22:39 GMT" time="14.046" errors="0">
  <testcase name="TC101" time="14.046" classname="testScripts.Module1"/>
</testsuite> <!-- testScripts.Module1 -->
